<?xml version="1.0" encoding="UTF-8"?>
<!-- Generated by org.testng.reporters.JUnitReportReporter -->
<testsuite hostname="Apples-MacBook-Pro.local" failures="0" tests="1" name="Tests.BookThreeTest" time="7.028" errors="0" timestamp="2022-06-08T11:07:55 IST" skipped="0">
  <testcase classname="Tests.BookThreeTest" name="enterFromDestPastDate" time="7.028"/>
  <system-out/>
</testsuite> <!-- Tests.BookThreeTest -->
