<?xml version="1.0" encoding="UTF-8"?>
<!-- Generated by org.testng.reporters.JUnitReportReporter -->
<testsuite hostname="Apples-MacBook-Pro.local" failures="0" tests="1" name="Tests.BookTwoTest" time="11.347" errors="0" timestamp="2022-06-08T11:07:55 IST" skipped="0">
  <testcase classname="Tests.BookTwoTest" name="enterSameFromDestDate" time="11.347"/>
  <system-out/>
</testsuite> <!-- Tests.BookTwoTest -->
