<?xml version="1.0" encoding="UTF-8"?>
<!-- Generated by org.testng.reporters.JUnitReportReporter -->
<testsuite hostname="Apples-MacBook-Pro.local" failures="0" tests="1" name="Tests.BookOneTest" time="18.345" errors="0" timestamp="2022-06-08T11:07:55 IST" skipped="0">
  <testcase classname="Tests.BookOneTest" name="enterFromDestDate" time="18.345"/>
  <system-out/>
</testsuite> <!-- Tests.BookOneTest -->
